<?xml version="1.0" encoding="utf-8" standalone="no"?>
<!--This file represents the results of running a test suite-->
<test-results name="C:\Users\Martin Nycander\Documents\Kurser\mvk09\gitrepo\recellection\RecellectionTests\RecellectionTests.csproj" total="3" errors="0" failures="0" not-run="0" inconclusive="0" ignored="0" skipped="0" invalid="0" date="2010-04-01" time="16:09:43">
  <environment nunit-version="2.5.3.9345" clr-version="2.0.50727.4927" os-version="Microsoft Windows NT 6.1.7600.0" platform="Win32NT" cwd="C:\Users\Martin Nycander\Documents\Kurser\mvk09\gitrepo\recellection\RecellectionTests" machine-name="MARTIN" user="Martin Nycander" user-domain="Martin" />
  <culture-info current-culture="sv-SE" current-uiculture="sv-SE" />
  <test-suite name="C:\Users\Martin Nycander\Documents\Kurser\mvk09\gitrepo\recellection\RecellectionTests\RecellectionTests.csproj" executed="True" success="True" time="0.098" asserts="0">
    <results>
      <test-suite name="C:\Users\Martin Nycander\Documents\Kurser\mvk09\gitrepo\recellection\RecellectionTests\bin\Debug\RecellectionTests.dll" executed="True" success="True" time="0.086" asserts="0">
        <results>
          <test-suite name="UnitTests" executed="True" success="True" time="0.073" asserts="0">
            <results>
              <test-suite name="GraphTest" executed="True" success="True" time="0.069" asserts="0">
                <results>
                  <test-case name="UnitTests.GraphTest.Add" executed="True" success="True" time="0.040" asserts="2" />
                  <test-case name="UnitTests.GraphTest.Remove" executed="True" success="True" time="0.001" asserts="3" />
                  <test-case name="UnitTests.GraphTest.Weight" executed="True" success="True" time="0.001" asserts="2" />
                </results>
              </test-suite>
            </results>
          </test-suite>
        </results>
      </test-suite>
    </results>
  </test-suite>
</test-results>